[debug] [2022-03-05T15:37:20.235Z] ----------------------------------------------------------------------
[debug] [2022-03-05T15:37:20.245Z] Command:       C:\Program Files\nodejs\node.exe C:\Users\Mohammad Gulam Ghaus\AppData\Roaming\npm\node_modules\firebase-tools\lib\bin\firebase.js emulators:start
[debug] [2022-03-05T15:37:20.247Z] CLI Version:   10.1.2
[debug] [2022-03-05T15:37:20.247Z] Platform:      win32
[debug] [2022-03-05T15:37:20.248Z] Node Version:  v16.13.2
[debug] [2022-03-05T15:37:20.250Z] Time:          Sat Mar 05 2022 21:07:20 GMT+0530 (India Standard Time)
[debug] [2022-03-05T15:37:20.251Z] ----------------------------------------------------------------------
[debug] 
[debug] [2022-03-05T15:37:20.306Z] >>> [apiv2][query] GET https://firebase-public.firebaseio.com/cli.json [none]
[debug] [2022-03-05T15:37:20.793Z] > command requires scopes: ["email","openid","https://www.googleapis.com/auth/cloudplatformprojects.readonly","https://www.googleapis.com/auth/firebase","https://www.googleapis.com/auth/cloud-platform"]
[debug] [2022-03-05T15:37:20.794Z] > authorizing via signed-in user (gulam.3119027.co@mhssce.ac.in)
[info] i  emulators: Starting emulators: functions, hosting {"metadata":{"emulator":{"name":"hub"},"message":"Starting emulators: functions, hosting"}}
[debug] [2022-03-05T15:37:20.831Z] [hub] writing locator at C:\Users\MOHAMM~1\AppData\Local\Temp\hub-project-4cb77.json
[warn] !  functions: The following emulators are not running, calls to these services from the Functions emulator will affect production: auth, firestore, database, pubsub, storage {"metadata":{"emulator":{"name":"functions"},"message":"The following emulators are not running, calls to these services from the Functions emulator will affect production: \u001b[1mauth, firestore, database, pubsub, storage\u001b[22m"}}
[info] +  functions: Using node@16 from host. {"metadata":{"emulator":{"name":"functions"},"message":"Using node@16 from host."}}
[warn] !  Your requested "node" version "16" doesn't match your global version "16" {"metadata":{"emulator":{"name":"functions"},"message":"Your requested \"node\" version \"16\" doesn't match your global version \"16\""}}
[debug] [2022-03-05T15:37:20.955Z] defaultcredentials: writing to file C:\Users\Mohammad Gulam Ghaus\AppData\Roaming\firebase\gulam_3119027.co_mhssce.ac.in_application_default_credentials.json
[debug] [2022-03-05T15:37:20.961Z] Setting GAC to C:\Users\Mohammad Gulam Ghaus\AppData\Roaming\firebase\gulam_3119027.co_mhssce.ac.in_application_default_credentials.json {"metadata":{"emulator":{"name":"functions"},"message":"Setting GAC to C:\\Users\\Mohammad Gulam Ghaus\\AppData\\Roaming\\firebase\\gulam_3119027.co_mhssce.ac.in_application_default_credentials.json"}}
[debug] [2022-03-05T15:37:20.967Z] > refreshing access token with scopes: []
[debug] [2022-03-05T15:37:20.968Z] >>> HTTP REQUEST POST https://www.googleapis.com/oauth2/v3/token  
 <request body omitted>
[debug] [2022-03-05T15:37:21.458Z] <<< HTTP RESPONSE 200 {"pragma":"no-cache","date":"Sat, 05 Mar 2022 15:37:14 GMT","expires":"Mon, 01 Jan 1990 00:00:00 GMT","cache-control":"no-cache, no-store, max-age=0, must-revalidate","content-type":"application/json; charset=utf-8","vary":"X-Origin, Referer, Origin,Accept-Encoding","server":"scaffolding on HTTPServer2","x-xss-protection":"0","x-frame-options":"SAMEORIGIN","x-content-type-options":"nosniff","alt-svc":"h3=\":443\"; ma=2592000,h3-29=\":443\"; ma=2592000,h3-Q050=\":443\"; ma=2592000,h3-Q046=\":443\"; ma=2592000,h3-Q043=\":443\"; ma=2592000,quic=\":443\"; ma=2592000; v=\"46,43\"","accept-ranges":"none","transfer-encoding":"chunked"}
[debug] [2022-03-05T15:37:21.690Z] >>> [apiv2][query] GET https://firebase.googleapis.com/v1beta1/projects/project-4cb77/adminSdkConfig [none]
[debug] [2022-03-05T15:37:22.080Z] <<< [apiv2][status] GET https://firebase-public.firebaseio.com/cli.json 200
[debug] [2022-03-05T15:37:22.081Z] <<< [apiv2][body] GET https://firebase-public.firebaseio.com/cli.json {"cloudBuildErrorAfter":1594252800000,"cloudBuildWarnAfter":1590019200000,"defaultNode10After":1594252800000,"minVersion":"3.0.5","node8DeploysDisabledAfter":1613390400000,"node8RuntimeDisabledAfter":1615809600000,"node8WarnAfter":1600128000000}
[debug] [2022-03-05T15:37:22.304Z] <<< [apiv2][status] GET https://firebase.googleapis.com/v1beta1/projects/project-4cb77/adminSdkConfig 200
[debug] [2022-03-05T15:37:22.305Z] <<< [apiv2][body] GET https://firebase.googleapis.com/v1beta1/projects/project-4cb77/adminSdkConfig {"projectId":"project-4cb77","storageBucket":"project-4cb77.appspot.com","locationId":"us-central"}
[debug] [2022-03-05T15:37:22.365Z] >>> [apiv2][query] GET https://firebasehosting.googleapis.com/v1beta1/projects/project-4cb77/sites 
[debug] [2022-03-05T15:37:24.322Z] <<< [apiv2][status] GET https://firebasehosting.googleapis.com/v1beta1/projects/project-4cb77/sites 200
[debug] [2022-03-05T15:37:24.322Z] <<< [apiv2][body] GET https://firebasehosting.googleapis.com/v1beta1/projects/project-4cb77/sites {"sites":[{"name":"projects/447367301140/sites/project-4cb77","defaultUrl":"https://project-4cb77.web.app","appId":"1:447367301140:web:27f62b2e79e50d6368ff01","type":"DEFAULT_SITE"}]}
[debug] [2022-03-05T15:37:24.323Z] >>> [apiv2][query] GET https://firebase.googleapis.com/v1beta1/projects/project-4cb77/webApps/1:447367301140:web:27f62b2e79e50d6368ff01/config [none]
[debug] [2022-03-05T15:37:25.662Z] <<< [apiv2][status] GET https://firebase.googleapis.com/v1beta1/projects/project-4cb77/webApps/1:447367301140:web:27f62b2e79e50d6368ff01/config 200
[debug] [2022-03-05T15:37:25.662Z] <<< [apiv2][body] GET https://firebase.googleapis.com/v1beta1/projects/project-4cb77/webApps/1:447367301140:web:27f62b2e79e50d6368ff01/config {"projectId":"project-4cb77","appId":"1:447367301140:web:27f62b2e79e50d6368ff01","storageBucket":"project-4cb77.appspot.com","locationId":"us-central","apiKey":"AIzaSyB-MexN2aBInnjVTn1sNrPjz1xys_yMYzc","authDomain":"project-4cb77.firebaseapp.com","messagingSenderId":"447367301140"}
[info] i  hosting: Serving hosting files from: build {"metadata":{"emulator":{"name":"hosting"},"message":"Serving hosting files from: \u001b[1mbuild\u001b[22m"}}
[info] +  hosting: Local server: http://localhost:5000 {"metadata":{"emulator":{"name":"hosting"},"message":"Local server: \u001b[4m\u001b[1mhttp://localhost:5000\u001b[22m\u001b[24m"}}
[debug] [2022-03-05T15:37:25.982Z] Ignoring unsupported arg: auto_download {"metadata":{"emulator":{"name":"ui"},"message":"Ignoring unsupported arg: auto_download"}}
[debug] [2022-03-05T15:37:25.984Z] Ignoring unsupported arg: port {"metadata":{"emulator":{"name":"ui"},"message":"Ignoring unsupported arg: port"}}
[debug] [2022-03-05T15:37:25.984Z] Starting Emulator UI with command {"binary":"node","args":["C:\\Users\\Mohammad Gulam Ghaus\\.cache\\firebase\\emulators\\ui-v1.6.4\\server.bundle.js"],"optionalArgs":[],"joinArgs":false} {"metadata":{"emulator":{"name":"ui"},"message":"Starting Emulator UI with command {\"binary\":\"node\",\"args\":[\"C:\\\\Users\\\\Mohammad Gulam Ghaus\\\\.cache\\\\firebase\\\\emulators\\\\ui-v1.6.4\\\\server.bundle.js\"],\"optionalArgs\":[],\"joinArgs\":false}"}}
[info] i  ui: Emulator UI logging to ui-debug.log {"metadata":{"emulator":{"name":"ui"},"message":"Emulator UI logging to \u001b[1mui-debug.log\u001b[22m"}}
[debug] [2022-03-05T15:37:26.692Z] Web / API server started at localhost:4000
 {"metadata":{"emulator":{"name":"ui"},"message":"Web / API server started at localhost:4000\n"}}
[info] i  functions: Watching "D:\amazon\amazon_project\functions" for Cloud Functions... {"metadata":{"emulator":{"name":"functions"},"message":"Watching \"D:\\amazon\\amazon_project\\functions\" for Cloud Functions..."}}
[debug] [2022-03-05T15:37:26.892Z] [worker-pool] addWorker(~diagnostic~) {"metadata":{"emulator":{"name":"functions"},"message":"[worker-pool] addWorker(~diagnostic~)"}}
[debug] [2022-03-05T15:37:26.894Z] [worker-pool] Adding worker with key ~diagnostic~, total=1 {"metadata":{"emulator":{"name":"functions"},"message":"[worker-pool] Adding worker with key ~diagnostic~, total=1"}}
[debug] [2022-03-05T15:37:26.896Z] [worker-pool] submitWork(triggerId=) {"metadata":{"emulator":{"name":"functions"},"message":"[worker-pool] submitWork(triggerId=)"}}
[debug] [2022-03-05T15:37:26.898Z] [worker-~diagnostic~-32d5694a-bf1d-4c10-bb10-50961027e83e]: Assigning socketPath: \\?\pipe\D:\amazon\amazon_project\functions\13356 {"metadata":{"emulator":{"name":"functions"},"message":"[worker-~diagnostic~-32d5694a-bf1d-4c10-bb10-50961027e83e]: Assigning socketPath: \\\\?\\pipe\\D:\\amazon\\amazon_project\\functions\\13356"}}
[debug] [2022-03-05T15:37:26.901Z] [worker-~diagnostic~-32d5694a-bf1d-4c10-bb10-50961027e83e]: BUSY {"metadata":{"emulator":{"name":"functions"},"message":"[worker-~diagnostic~-32d5694a-bf1d-4c10-bb10-50961027e83e]: BUSY"}}
[debug] [2022-03-05T15:37:27.859Z] [runtime-status] [13356] Functions runtime initialized. {"cwd":"D:\\amazon\\amazon_project\\functions","node_version":"16.13.2"} {"metadata":{"emulator":{"name":"functions"},"message":"[runtime-status] [13356] Functions runtime initialized. {\"cwd\":\"D:\\\\amazon\\\\amazon_project\\\\functions\",\"node_version\":\"16.13.2\"}"}}
[debug] [2022-03-05T15:37:27.859Z] [runtime-status] [13356] Disabled runtime features: undefined {"metadata":{"emulator":{"name":"functions"},"message":"[runtime-status] [13356] Disabled runtime features: undefined"}}
[debug] [2022-03-05T15:37:27.864Z] [runtime-status] [13356] Resolved module firebase-admin {"declared":true,"installed":true,"version":"9.12.0","resolution":"D:\\amazon\\amazon_project\\functions\\node_modules\\firebase-admin\\lib\\index.js"} {"metadata":{"emulator":{"name":"functions"},"message":"[runtime-status] [13356] Resolved module firebase-admin {\"declared\":true,\"installed\":true,\"version\":\"9.12.0\",\"resolution\":\"D:\\\\amazon\\\\amazon_project\\\\functions\\\\node_modules\\\\firebase-admin\\\\lib\\\\index.js\"}"}}
[debug] [2022-03-05T15:37:27.907Z] [runtime-status] [13356] Resolved module firebase-functions {"declared":true,"installed":true,"version":"3.16.0","resolution":"D:\\amazon\\amazon_project\\functions\\node_modules\\firebase-functions\\lib\\index.js"} {"metadata":{"emulator":{"name":"functions"},"message":"[runtime-status] [13356] Resolved module firebase-functions {\"declared\":true,\"installed\":true,\"version\":\"3.16.0\",\"resolution\":\"D:\\\\amazon\\\\amazon_project\\\\functions\\\\node_modules\\\\firebase-functions\\\\lib\\\\index.js\"}"}}
[debug] [2022-03-05T15:37:27.915Z] [runtime-status] [13356] Outgoing network have been stubbed. [{"name":"http","status":"mocked"},{"name":"http","status":"mocked"},{"name":"https","status":"mocked"},{"name":"https","status":"mocked"},{"name":"net","status":"mocked"}] {"metadata":{"emulator":{"name":"functions"},"message":"[runtime-status] [13356] Outgoing network have been stubbed. [{\"name\":\"http\",\"status\":\"mocked\"},{\"name\":\"http\",\"status\":\"mocked\"},{\"name\":\"https\",\"status\":\"mocked\"},{\"name\":\"https\",\"status\":\"mocked\"},{\"name\":\"net\",\"status\":\"mocked\"}]"}}
[debug] [2022-03-05T15:37:27.918Z] [runtime-status] [13356] Resolved module firebase-functions {"declared":true,"installed":true,"version":"3.16.0","resolution":"D:\\amazon\\amazon_project\\functions\\node_modules\\firebase-functions\\lib\\index.js"} {"metadata":{"emulator":{"name":"functions"},"message":"[runtime-status] [13356] Resolved module firebase-functions {\"declared\":true,\"installed\":true,\"version\":\"3.16.0\",\"resolution\":\"D:\\\\amazon\\\\amazon_project\\\\functions\\\\node_modules\\\\firebase-functions\\\\lib\\\\index.js\"}"}}
[debug] [2022-03-05T15:37:30.927Z] [runtime-status] [13356] Checked functions.config() {"config":{}} {"metadata":{"emulator":{"name":"functions"},"message":"[runtime-status] [13356] Checked functions.config() {\"config\":{}}"}}
[debug] [2022-03-05T15:37:30.927Z] [runtime-status] [13356] firebase-functions has been stubbed. {"functionsResolution":{"declared":true,"installed":true,"version":"3.16.0","resolution":"D:\\amazon\\amazon_project\\functions\\node_modules\\firebase-functions\\lib\\index.js"}} {"metadata":{"emulator":{"name":"functions"},"message":"[runtime-status] [13356] firebase-functions has been stubbed. {\"functionsResolution\":{\"declared\":true,\"installed\":true,\"version\":\"3.16.0\",\"resolution\":\"D:\\\\amazon\\\\amazon_project\\\\functions\\\\node_modules\\\\firebase-functions\\\\lib\\\\index.js\"}}"}}
[debug] [2022-03-05T15:37:30.929Z] [runtime-status] [13356] Resolved module firebase-functions {"declared":true,"installed":true,"version":"3.16.0","resolution":"D:\\amazon\\amazon_project\\functions\\node_modules\\firebase-functions\\lib\\index.js"} {"metadata":{"emulator":{"name":"functions"},"message":"[runtime-status] [13356] Resolved module firebase-functions {\"declared\":true,\"installed\":true,\"version\":\"3.16.0\",\"resolution\":\"D:\\\\amazon\\\\amazon_project\\\\functions\\\\node_modules\\\\firebase-functions\\\\lib\\\\index.js\"}"}}
[debug] [2022-03-05T15:37:30.932Z] [runtime-status] [13356] Resolved module firebase-admin {"declared":true,"installed":true,"version":"9.12.0","resolution":"D:\\amazon\\amazon_project\\functions\\node_modules\\firebase-admin\\lib\\index.js"} {"metadata":{"emulator":{"name":"functions"},"message":"[runtime-status] [13356] Resolved module firebase-admin {\"declared\":true,\"installed\":true,\"version\":\"9.12.0\",\"resolution\":\"D:\\\\amazon\\\\amazon_project\\\\functions\\\\node_modules\\\\firebase-admin\\\\lib\\\\index.js\"}"}}
[debug] [2022-03-05T15:37:30.934Z] [runtime-status] [13356] Resolved module firebase-functions {"declared":true,"installed":true,"version":"3.16.0","resolution":"D:\\amazon\\amazon_project\\functions\\node_modules\\firebase-functions\\lib\\index.js"} {"metadata":{"emulator":{"name":"functions"},"message":"[runtime-status] [13356] Resolved module firebase-functions {\"declared\":true,\"installed\":true,\"version\":\"3.16.0\",\"resolution\":\"D:\\\\amazon\\\\amazon_project\\\\functions\\\\node_modules\\\\firebase-functions\\\\lib\\\\index.js\"}"}}
[debug] [2022-03-05T15:37:30.935Z] [runtime-status] [13356] firebase-admin has been stubbed. {"adminResolution":{"declared":true,"installed":true,"version":"9.12.0","resolution":"D:\\amazon\\amazon_project\\functions\\node_modules\\firebase-admin\\lib\\index.js"}} {"metadata":{"emulator":{"name":"functions"},"message":"[runtime-status] [13356] firebase-admin has been stubbed. {\"adminResolution\":{\"declared\":true,\"installed\":true,\"version\":\"9.12.0\",\"resolution\":\"D:\\\\amazon\\\\amazon_project\\\\functions\\\\node_modules\\\\firebase-admin\\\\lib\\\\index.js\"}}"}}
[info] +  functions[us-central1-api]: http function initialized (http://localhost:5001/project-4cb77/us-central1/api). {"metadata":{"emulator":{"name":"functions"},"message":"\u001b[1mhttp\u001b[22m function initialized (http://localhost:5001/project-4cb77/us-central1/api)."}}
[info] 
┌─────────────────────────────────────────────────────────────┐
│ ✔  All emulators ready! It is now safe to connect your app. │
│ i  View Emulator UI at http://localhost:4000                │
└─────────────────────────────────────────────────────────────┘

┌───────────┬────────────────┬─────────────────────────────────┐
│ Emulator  │ Host:Port      │ View in Emulator UI             │
├───────────┼────────────────┼─────────────────────────────────┤
│ Functions │ localhost:5001 │ http://localhost:4000/functions │
├───────────┼────────────────┼─────────────────────────────────┤
│ Hosting   │ localhost:5000 │ n/a                             │
└───────────┴────────────────┴─────────────────────────────────┘
  Emulator Hub running at localhost:4400
  Other reserved ports: 4500

Issues? Report them at https://github.com/firebase/firebase-tools/issues and attach the *-debug.log files.
 
[debug] [2022-03-05T15:37:37.899Z] [worker-~diagnostic~-32d5694a-bf1d-4c10-bb10-50961027e83e]: IDLE {"metadata":{"emulator":{"name":"functions"},"message":"[worker-~diagnostic~-32d5694a-bf1d-4c10-bb10-50961027e83e]: IDLE"}}
[debug] [2022-03-05T15:37:59.709Z] [work-queue] {"queueLength":1,"workRunningCount":0}
[debug] [2022-03-05T15:37:59.709Z] [work-queue] {"queueLength":0,"workRunningCount":1}
[debug] [2022-03-05T15:37:59.710Z] Accepted request GET /project-4cb77/us-central1/api --> us-central1-api
[debug] [2022-03-05T15:37:59.727Z] [worker-pool] addWorker(us-central1-api) {"metadata":{"emulator":{"name":"functions"},"message":"[worker-pool] addWorker(us-central1-api)"}}
[debug] [2022-03-05T15:37:59.728Z] [worker-pool] Adding worker with key us-central1-api, total=1 {"metadata":{"emulator":{"name":"functions"},"message":"[worker-pool] Adding worker with key us-central1-api, total=1"}}
[debug] [2022-03-05T15:37:59.728Z] [worker-pool] submitWork(triggerId=us-central1-api) {"metadata":{"emulator":{"name":"functions"},"message":"[worker-pool] submitWork(triggerId=us-central1-api)"}}
[debug] [2022-03-05T15:37:59.728Z] [worker-us-central1-api-268af67b-7707-418b-9cb0-a9740414ccd8]: Assigning socketPath: \\?\pipe\D:\amazon\amazon_project\functions\15200 {"metadata":{"emulator":{"name":"functions"},"message":"[worker-us-central1-api-268af67b-7707-418b-9cb0-a9740414ccd8]: Assigning socketPath: \\\\?\\pipe\\D:\\amazon\\amazon_project\\functions\\15200"}}
[debug] [2022-03-05T15:37:59.729Z] [worker-us-central1-api-268af67b-7707-418b-9cb0-a9740414ccd8]: BUSY {"metadata":{"emulator":{"name":"functions"},"message":"[worker-us-central1-api-268af67b-7707-418b-9cb0-a9740414ccd8]: BUSY"}}
[debug] [2022-03-05T15:38:00.525Z] [runtime-status] [15200] Functions runtime initialized. {"cwd":"D:\\amazon\\amazon_project\\functions","node_version":"16.13.2"} {"metadata":{"emulator":{"name":"functions"},"function":{"name":"us-central1-api"},"message":"[runtime-status] [15200] Functions runtime initialized. {\"cwd\":\"D:\\\\amazon\\\\amazon_project\\\\functions\",\"node_version\":\"16.13.2\"}"}}
[debug] [2022-03-05T15:38:00.527Z] [runtime-status] [15200] Disabled runtime features: undefined {"metadata":{"emulator":{"name":"functions"},"function":{"name":"us-central1-api"},"message":"[runtime-status] [15200] Disabled runtime features: undefined"}}
[debug] [2022-03-05T15:38:00.535Z] [runtime-status] [15200] Resolved module firebase-admin {"declared":true,"installed":true,"version":"9.12.0","resolution":"D:\\amazon\\amazon_project\\functions\\node_modules\\firebase-admin\\lib\\index.js"} {"metadata":{"emulator":{"name":"functions"},"function":{"name":"us-central1-api"},"message":"[runtime-status] [15200] Resolved module firebase-admin {\"declared\":true,\"installed\":true,\"version\":\"9.12.0\",\"resolution\":\"D:\\\\amazon\\\\amazon_project\\\\functions\\\\node_modules\\\\firebase-admin\\\\lib\\\\index.js\"}"}}
[debug] [2022-03-05T15:38:00.542Z] [runtime-status] [15200] Resolved module firebase-functions {"declared":true,"installed":true,"version":"3.16.0","resolution":"D:\\amazon\\amazon_project\\functions\\node_modules\\firebase-functions\\lib\\index.js"} {"metadata":{"emulator":{"name":"functions"},"function":{"name":"us-central1-api"},"message":"[runtime-status] [15200] Resolved module firebase-functions {\"declared\":true,\"installed\":true,\"version\":\"3.16.0\",\"resolution\":\"D:\\\\amazon\\\\amazon_project\\\\functions\\\\node_modules\\\\firebase-functions\\\\lib\\\\index.js\"}"}}
[debug] [2022-03-05T15:38:00.550Z] [runtime-status] [15200] Outgoing network have been stubbed. [{"name":"http","status":"mocked"},{"name":"http","status":"mocked"},{"name":"https","status":"mocked"},{"name":"https","status":"mocked"},{"name":"net","status":"mocked"}] {"metadata":{"emulator":{"name":"functions"},"function":{"name":"us-central1-api"},"message":"[runtime-status] [15200] Outgoing network have been stubbed. [{\"name\":\"http\",\"status\":\"mocked\"},{\"name\":\"http\",\"status\":\"mocked\"},{\"name\":\"https\",\"status\":\"mocked\"},{\"name\":\"https\",\"status\":\"mocked\"},{\"name\":\"net\",\"status\":\"mocked\"}]"}}
[debug] [2022-03-05T15:38:00.553Z] [runtime-status] [15200] Resolved module firebase-functions {"declared":true,"installed":true,"version":"3.16.0","resolution":"D:\\amazon\\amazon_project\\functions\\node_modules\\firebase-functions\\lib\\index.js"} {"metadata":{"emulator":{"name":"functions"},"function":{"name":"us-central1-api"},"message":"[runtime-status] [15200] Resolved module firebase-functions {\"declared\":true,\"installed\":true,\"version\":\"3.16.0\",\"resolution\":\"D:\\\\amazon\\\\amazon_project\\\\functions\\\\node_modules\\\\firebase-functions\\\\lib\\\\index.js\"}"}}
[debug] [2022-03-05T15:38:00.654Z] [runtime-status] [15200] Checked functions.config() {"config":{}} {"metadata":{"emulator":{"name":"functions"},"function":{"name":"us-central1-api"},"message":"[runtime-status] [15200] Checked functions.config() {\"config\":{}}"}}
[debug] [2022-03-05T15:38:00.655Z] [runtime-status] [15200] firebase-functions has been stubbed. {"functionsResolution":{"declared":true,"installed":true,"version":"3.16.0","resolution":"D:\\amazon\\amazon_project\\functions\\node_modules\\firebase-functions\\lib\\index.js"}} {"metadata":{"emulator":{"name":"functions"},"function":{"name":"us-central1-api"},"message":"[runtime-status] [15200] firebase-functions has been stubbed. {\"functionsResolution\":{\"declared\":true,\"installed\":true,\"version\":\"3.16.0\",\"resolution\":\"D:\\\\amazon\\\\amazon_project\\\\functions\\\\node_modules\\\\firebase-functions\\\\lib\\\\index.js\"}}"}}
[debug] [2022-03-05T15:38:00.656Z] [runtime-status] [15200] Resolved module firebase-functions {"declared":true,"installed":true,"version":"3.16.0","resolution":"D:\\amazon\\amazon_project\\functions\\node_modules\\firebase-functions\\lib\\index.js"} {"metadata":{"emulator":{"name":"functions"},"function":{"name":"us-central1-api"},"message":"[runtime-status] [15200] Resolved module firebase-functions {\"declared\":true,\"installed\":true,\"version\":\"3.16.0\",\"resolution\":\"D:\\\\amazon\\\\amazon_project\\\\functions\\\\node_modules\\\\firebase-functions\\\\lib\\\\index.js\"}"}}
[debug] [2022-03-05T15:38:00.658Z] [runtime-status] [15200] Resolved module firebase-admin {"declared":true,"installed":true,"version":"9.12.0","resolution":"D:\\amazon\\amazon_project\\functions\\node_modules\\firebase-admin\\lib\\index.js"} {"metadata":{"emulator":{"name":"functions"},"function":{"name":"us-central1-api"},"message":"[runtime-status] [15200] Resolved module firebase-admin {\"declared\":true,\"installed\":true,\"version\":\"9.12.0\",\"resolution\":\"D:\\\\amazon\\\\amazon_project\\\\functions\\\\node_modules\\\\firebase-admin\\\\lib\\\\index.js\"}"}}
[debug] [2022-03-05T15:38:00.660Z] [runtime-status] [15200] Resolved module firebase-functions {"declared":true,"installed":true,"version":"3.16.0","resolution":"D:\\amazon\\amazon_project\\functions\\node_modules\\firebase-functions\\lib\\index.js"} {"metadata":{"emulator":{"name":"functions"},"function":{"name":"us-central1-api"},"message":"[runtime-status] [15200] Resolved module firebase-functions {\"declared\":true,\"installed\":true,\"version\":\"3.16.0\",\"resolution\":\"D:\\\\amazon\\\\amazon_project\\\\functions\\\\node_modules\\\\firebase-functions\\\\lib\\\\index.js\"}"}}
[debug] [2022-03-05T15:38:00.660Z] [runtime-status] [15200] firebase-admin has been stubbed. {"adminResolution":{"declared":true,"installed":true,"version":"9.12.0","resolution":"D:\\amazon\\amazon_project\\functions\\node_modules\\firebase-admin\\lib\\index.js"}} {"metadata":{"emulator":{"name":"functions"},"function":{"name":"us-central1-api"},"message":"[runtime-status] [15200] firebase-admin has been stubbed. {\"adminResolution\":{\"declared\":true,\"installed\":true,\"version\":\"9.12.0\",\"resolution\":\"D:\\\\amazon\\\\amazon_project\\\\functions\\\\node_modules\\\\firebase-admin\\\\lib\\\\index.js\"}}"}}
[debug] [2022-03-05T15:38:00.926Z] [runtime-status] [15200] Trigger "us-central1-api" has been found, beginning invocation! {"metadata":{"emulator":{"name":"functions"},"function":{"name":"us-central1-api"},"message":"[runtime-status] [15200] Trigger \"us-central1-api\" has been found, beginning invocation!"}}
[info] i  functions: Beginning execution of "us-central1-api" {"metadata":{"emulator":{"name":"functions"},"function":{"name":"us-central1-api"},"message":"Beginning execution of \"us-central1-api\""}}
[debug] [2022-03-05T15:38:00.928Z] [runtime-status] [15200] triggerDefinition {"httpsTrigger":{},"name":"api","entryPoint":"api","regions":["us-central1"],"region":"us-central1","id":"us-central1-api","platform":"gcfv1"} {"metadata":{"emulator":{"name":"functions"},"function":{"name":"us-central1-api"},"message":"[runtime-status] [15200] triggerDefinition {\"httpsTrigger\":{},\"name\":\"api\",\"entryPoint\":\"api\",\"regions\":[\"us-central1\"],\"region\":\"us-central1\",\"id\":\"us-central1-api\",\"platform\":\"gcfv1\"}"}}
[debug] [2022-03-05T15:38:00.928Z] [runtime-status] [15200] Running us-central1-api in signature http {"metadata":{"emulator":{"name":"functions"},"function":{"name":"us-central1-api"},"message":"[runtime-status] [15200] Running us-central1-api in signature http"}}
[debug] [2022-03-05T15:38:00.936Z] [runtime-status] [15200] Attempting to listen to socketPath: \\?\pipe\D:\amazon\amazon_project\functions\15200 {"metadata":{"emulator":{"name":"functions"},"function":{"name":"us-central1-api"},"message":"[runtime-status] [15200] Attempting to listen to socketPath: \\\\?\\pipe\\D:\\amazon\\amazon_project\\functions\\15200"}}
[debug] [2022-03-05T15:38:00.941Z] [functions] Runtime ready! Sending request! {"metadata":{"emulator":{"name":"functions"},"message":"[functions] Runtime ready! Sending request!"}}
[debug] [2022-03-05T15:38:00.943Z] [functions] Got req.url=/project-4cb77/us-central1/api, mapping to path=/ {"metadata":{"emulator":{"name":"functions"},"message":"[functions] Got req.url=/project-4cb77/us-central1/api, mapping to path=/"}}
[debug] [2022-03-05T15:38:00.955Z] [runtime-status] [15200] Ephemeral server handling GET request {"metadata":{"emulator":{"name":"functions"},"function":{"name":"us-central1-api"},"message":"[runtime-status] [15200] Ephemeral server handling GET request"}}
[debug] [2022-03-05T15:38:00.971Z] [runtime-status] [15200] Ephemeral server survived. {"metadata":{"emulator":{"name":"functions"},"function":{"name":"us-central1-api"},"message":"[runtime-status] [15200] Ephemeral server survived."}}
[info] i  functions: Finished "us-central1-api" in ~1s {"metadata":{"emulator":{"name":"functions"},"function":{"name":"us-central1-api"},"message":"Finished \"us-central1-api\" in ~1s"}}
[debug] [2022-03-05T15:38:00.977Z] [worker-us-central1-api-268af67b-7707-418b-9cb0-a9740414ccd8]: IDLE {"metadata":{"emulator":{"name":"functions"},"message":"[worker-us-central1-api-268af67b-7707-418b-9cb0-a9740414ccd8]: IDLE"}}
[debug] [2022-03-05T15:38:00.978Z] [work-queue] {"queueLength":0,"workRunningCount":0}
[debug] [2022-03-05T15:38:01.082Z] Functions emulator received unknown request at path /favicon.ico
[debug] [2022-03-05T15:38:14.286Z] [work-queue] {"queueLength":1,"workRunningCount":0}
[debug] [2022-03-05T15:38:14.286Z] [work-queue] {"queueLength":0,"workRunningCount":1}
[debug] [2022-03-05T15:38:14.287Z] Accepted request POST /project-4cb77/us-central1/api/payments/create?total=50000 --> us-central1-api
[debug] [2022-03-05T15:38:14.287Z] [worker-pool] submitWork(triggerId=us-central1-api) {"metadata":{"emulator":{"name":"functions"},"message":"[worker-pool] submitWork(triggerId=us-central1-api)"}}
[debug] [2022-03-05T15:38:14.287Z] [worker-us-central1-api-268af67b-7707-418b-9cb0-a9740414ccd8]: Assigning socketPath: \\?\pipe\D:\amazon\amazon_project\functions\15200 {"metadata":{"emulator":{"name":"functions"},"message":"[worker-us-central1-api-268af67b-7707-418b-9cb0-a9740414ccd8]: Assigning socketPath: \\\\?\\pipe\\D:\\amazon\\amazon_project\\functions\\15200"}}
[debug] [2022-03-05T15:38:14.288Z] [worker-us-central1-api-268af67b-7707-418b-9cb0-a9740414ccd8]: BUSY {"metadata":{"emulator":{"name":"functions"},"message":"[worker-us-central1-api-268af67b-7707-418b-9cb0-a9740414ccd8]: BUSY"}}
[debug] [2022-03-05T15:38:14.289Z] [runtime-status] [15200] Trigger "us-central1-api" has been found, beginning invocation! {"metadata":{"emulator":{"name":"functions"},"function":{"name":"us-central1-api"},"message":"[runtime-status] [15200] Trigger \"us-central1-api\" has been found, beginning invocation!"}}
[info] i  functions: Beginning execution of "us-central1-api" {"metadata":{"emulator":{"name":"functions"},"function":{"name":"us-central1-api"},"message":"Beginning execution of \"us-central1-api\""}}
[debug] [2022-03-05T15:38:14.290Z] [runtime-status] [15200] triggerDefinition {"httpsTrigger":{},"name":"api","entryPoint":"api","regions":["us-central1"],"region":"us-central1","id":"us-central1-api","platform":"gcfv1"} {"metadata":{"emulator":{"name":"functions"},"function":{"name":"us-central1-api"},"message":"[runtime-status] [15200] triggerDefinition {\"httpsTrigger\":{},\"name\":\"api\",\"entryPoint\":\"api\",\"regions\":[\"us-central1\"],\"region\":\"us-central1\",\"id\":\"us-central1-api\",\"platform\":\"gcfv1\"}"}}
[debug] [2022-03-05T15:38:14.290Z] [runtime-status] [15200] Running us-central1-api in signature http {"metadata":{"emulator":{"name":"functions"},"function":{"name":"us-central1-api"},"message":"[runtime-status] [15200] Running us-central1-api in signature http"}}
[debug] [2022-03-05T15:38:14.292Z] [runtime-status] [15200] Attempting to listen to socketPath: \\?\pipe\D:\amazon\amazon_project\functions\15200 {"metadata":{"emulator":{"name":"functions"},"function":{"name":"us-central1-api"},"message":"[runtime-status] [15200] Attempting to listen to socketPath: \\\\?\\pipe\\D:\\amazon\\amazon_project\\functions\\15200"}}
[debug] [2022-03-05T15:38:14.294Z] [functions] Runtime ready! Sending request! {"metadata":{"emulator":{"name":"functions"},"message":"[functions] Runtime ready! Sending request!"}}
[debug] [2022-03-05T15:38:14.295Z] [functions] Got req.url=/project-4cb77/us-central1/api/payments/create?total=50000, mapping to path=/payments/create?total=50000 {"metadata":{"emulator":{"name":"functions"},"message":"[functions] Got req.url=/project-4cb77/us-central1/api/payments/create?total=50000, mapping to path=/payments/create?total=50000"}}
[debug] [2022-03-05T15:38:14.305Z] [runtime-status] [15200] Ephemeral server handling POST request {"metadata":{"emulator":{"name":"functions"},"function":{"name":"us-central1-api"},"message":"[runtime-status] [15200] Ephemeral server handling POST request"}}
[info] >  Total Payment Recieved>> 50000 {"user":"Total Payment Recieved>> 50000","metadata":{"emulator":{"name":"functions"},"function":{"name":"us-central1-api"},"message":"\u001b[90m> \u001b[39m Total Payment Recieved>> 50000"}}
[debug] [2022-03-05T15:38:14.337Z] [runtime-status] [15200] Ephemeral server survived. {"metadata":{"emulator":{"name":"functions"},"function":{"name":"us-central1-api"},"message":"[runtime-status] [15200] Ephemeral server survived."}}
[info] i  functions: Finished "us-central1-api" in ~1s {"metadata":{"emulator":{"name":"functions"},"function":{"name":"us-central1-api"},"message":"Finished \"us-central1-api\" in ~1s"}}
[debug] [2022-03-05T15:38:15.080Z] [worker-us-central1-api-268af67b-7707-418b-9cb0-a9740414ccd8]: IDLE {"metadata":{"emulator":{"name":"functions"},"message":"[worker-us-central1-api-268af67b-7707-418b-9cb0-a9740414ccd8]: IDLE"}}
[debug] [2022-03-05T15:38:15.081Z] [work-queue] {"queueLength":0,"workRunningCount":0}
[debug] [2022-03-05T15:38:37.334Z] [work-queue] {"queueLength":1,"workRunningCount":0}
[debug] [2022-03-05T15:38:37.335Z] [work-queue] {"queueLength":0,"workRunningCount":1}
[debug] [2022-03-05T15:38:37.336Z] Accepted request POST /project-4cb77/us-central1/api/payments/create?total=0 --> us-central1-api
[debug] [2022-03-05T15:38:37.337Z] [worker-pool] submitWork(triggerId=us-central1-api) {"metadata":{"emulator":{"name":"functions"},"message":"[worker-pool] submitWork(triggerId=us-central1-api)"}}
[debug] [2022-03-05T15:38:37.338Z] [worker-us-central1-api-268af67b-7707-418b-9cb0-a9740414ccd8]: Assigning socketPath: \\?\pipe\D:\amazon\amazon_project\functions\15200 {"metadata":{"emulator":{"name":"functions"},"message":"[worker-us-central1-api-268af67b-7707-418b-9cb0-a9740414ccd8]: Assigning socketPath: \\\\?\\pipe\\D:\\amazon\\amazon_project\\functions\\15200"}}
[debug] [2022-03-05T15:38:37.339Z] [worker-us-central1-api-268af67b-7707-418b-9cb0-a9740414ccd8]: BUSY {"metadata":{"emulator":{"name":"functions"},"message":"[worker-us-central1-api-268af67b-7707-418b-9cb0-a9740414ccd8]: BUSY"}}
[debug] [2022-03-05T15:38:37.341Z] [runtime-status] [15200] Trigger "us-central1-api" has been found, beginning invocation! {"metadata":{"emulator":{"name":"functions"},"function":{"name":"us-central1-api"},"message":"[runtime-status] [15200] Trigger \"us-central1-api\" has been found, beginning invocation!"}}
[info] i  functions: Beginning execution of "us-central1-api" {"metadata":{"emulator":{"name":"functions"},"function":{"name":"us-central1-api"},"message":"Beginning execution of \"us-central1-api\""}}
[debug] [2022-03-05T15:38:37.349Z] [runtime-status] [15200] triggerDefinition {"httpsTrigger":{},"name":"api","entryPoint":"api","regions":["us-central1"],"region":"us-central1","id":"us-central1-api","platform":"gcfv1"} {"metadata":{"emulator":{"name":"functions"},"function":{"name":"us-central1-api"},"message":"[runtime-status] [15200] triggerDefinition {\"httpsTrigger\":{},\"name\":\"api\",\"entryPoint\":\"api\",\"regions\":[\"us-central1\"],\"region\":\"us-central1\",\"id\":\"us-central1-api\",\"platform\":\"gcfv1\"}"}}
[debug] [2022-03-05T15:38:37.351Z] [runtime-status] [15200] Running us-central1-api in signature http {"metadata":{"emulator":{"name":"functions"},"function":{"name":"us-central1-api"},"message":"[runtime-status] [15200] Running us-central1-api in signature http"}}
[debug] [2022-03-05T15:38:37.353Z] [runtime-status] [15200] Attempting to listen to socketPath: \\?\pipe\D:\amazon\amazon_project\functions\15200 {"metadata":{"emulator":{"name":"functions"},"function":{"name":"us-central1-api"},"message":"[runtime-status] [15200] Attempting to listen to socketPath: \\\\?\\pipe\\D:\\amazon\\amazon_project\\functions\\15200"}}
[debug] [2022-03-05T15:38:37.362Z] [functions] Runtime ready! Sending request! {"metadata":{"emulator":{"name":"functions"},"message":"[functions] Runtime ready! Sending request!"}}
[debug] [2022-03-05T15:38:37.364Z] [functions] Got req.url=/project-4cb77/us-central1/api/payments/create?total=0, mapping to path=/payments/create?total=0 {"metadata":{"emulator":{"name":"functions"},"message":"[functions] Got req.url=/project-4cb77/us-central1/api/payments/create?total=0, mapping to path=/payments/create?total=0"}}
[debug] [2022-03-05T15:38:37.383Z] [runtime-status] [15200] Ephemeral server handling POST request {"metadata":{"emulator":{"name":"functions"},"function":{"name":"us-central1-api"},"message":"[runtime-status] [15200] Ephemeral server handling POST request"}}
[info] >  Total Payment Recieved>> 0 {"user":"Total Payment Recieved>> 0","metadata":{"emulator":{"name":"functions"},"function":{"name":"us-central1-api"},"message":"\u001b[90m> \u001b[39m Total Payment Recieved>> 0"}}
[debug] [2022-03-05T15:38:37.392Z] [runtime-status] [15200] Ephemeral server survived. {"metadata":{"emulator":{"name":"functions"},"function":{"name":"us-central1-api"},"message":"[runtime-status] [15200] Ephemeral server survived."}}
[info] >  D:\amazon\amazon_project\functions\node_modules\stripe\lib\Error.js:40 {"user":"D:\\amazon\\amazon_project\\functions\\node_modules\\stripe\\lib\\Error.js:40\r","metadata":{"emulator":{"name":"functions"},"function":{"name":"us-central1-api"},"message":"\u001b[90m> \u001b[39m D:\\amazon\\amazon_project\\functions\\node_modules\\stripe\\lib\\Error.js:40\r"}}
[info] >          return new StripeInvalidRequestError(rawStripeError); {"user":"        return new StripeInvalidRequestError(rawStripeError);\r","metadata":{"emulator":{"name":"functions"},"function":{"name":"us-central1-api"},"message":"\u001b[90m> \u001b[39m         return new StripeInvalidRequestError(rawStripeError);\r"}}
[info] >                 ^ {"user":"               ^\r","metadata":{"emulator":{"name":"functions"},"function":{"name":"us-central1-api"},"message":"\u001b[90m> \u001b[39m                ^\r"}}
[info] >   {"user":"\r","metadata":{"emulator":{"name":"functions"},"function":{"name":"us-central1-api"},"message":"\u001b[90m> \u001b[39m \r"}}
[info] >  StripeInvalidRequestError: This value must be greater than or equal to 1. {"user":"StripeInvalidRequestError: This value must be greater than or equal to 1.\r","metadata":{"emulator":{"name":"functions"},"function":{"name":"us-central1-api"},"message":"\u001b[90m> \u001b[39m StripeInvalidRequestError: This value must be greater than or equal to 1.\r"}}
[info] >      at Function.generate (D:\amazon\amazon_project\functions\node_modules\stripe\lib\Error.js:40:16) {"user":"    at Function.generate (D:\\amazon\\amazon_project\\functions\\node_modules\\stripe\\lib\\Error.js:40:16)\r","metadata":{"emulator":{"name":"functions"},"function":{"name":"us-central1-api"},"message":"\u001b[90m> \u001b[39m     at Function.generate (D:\\amazon\\amazon_project\\functions\\node_modules\\stripe\\lib\\Error.js:40:16)\r"}}
[info] >      at res.toJSON.then.StripeAPIError.message (D:\amazon\amazon_project\functions\node_modules\stripe\lib\StripeResource.js:220:35) {"user":"    at res.toJSON.then.StripeAPIError.message (D:\\amazon\\amazon_project\\functions\\node_modules\\stripe\\lib\\StripeResource.js:220:35)\r","metadata":{"emulator":{"name":"functions"},"function":{"name":"us-central1-api"},"message":"\u001b[90m> \u001b[39m     at res.toJSON.then.StripeAPIError.message (D:\\amazon\\amazon_project\\functions\\node_modules\\stripe\\lib\\StripeResource.js:220:35)\r"}}
[info] >      at processTicksAndRejections (node:internal/process/task_queues:96:5) { {"user":"    at processTicksAndRejections (node:internal/process/task_queues:96:5) {\r","metadata":{"emulator":{"name":"functions"},"function":{"name":"us-central1-api"},"message":"\u001b[90m> \u001b[39m     at processTicksAndRejections (node:internal/process/task_queues:96:5) {\r"}}
[info] >    type: 'StripeInvalidRequestError', {"user":"  type: 'StripeInvalidRequestError',\r","metadata":{"emulator":{"name":"functions"},"function":{"name":"us-central1-api"},"message":"\u001b[90m> \u001b[39m   type: 'StripeInvalidRequestError',\r"}}
[info] >    raw: { {"user":"  raw: {\r","metadata":{"emulator":{"name":"functions"},"function":{"name":"us-central1-api"},"message":"\u001b[90m> \u001b[39m   raw: {\r"}}
[info] >      code: 'parameter_invalid_integer', {"user":"    code: 'parameter_invalid_integer',\r","metadata":{"emulator":{"name":"functions"},"function":{"name":"us-central1-api"},"message":"\u001b[90m> \u001b[39m     code: 'parameter_invalid_integer',\r"}}
[info] >      doc_url: 'https://stripe.com/docs/error-codes/parameter-invalid-integer', {"user":"    doc_url: 'https://stripe.com/docs/error-codes/parameter-invalid-integer',\r","metadata":{"emulator":{"name":"functions"},"function":{"name":"us-central1-api"},"message":"\u001b[90m> \u001b[39m     doc_url: 'https://stripe.com/docs/error-codes/parameter-invalid-integer',\r"}}
[info] >      message: 'This value must be greater than or equal to 1.', {"user":"    message: 'This value must be greater than or equal to 1.',\r","metadata":{"emulator":{"name":"functions"},"function":{"name":"us-central1-api"},"message":"\u001b[90m> \u001b[39m     message: 'This value must be greater than or equal to 1.',\r"}}
[info] >      param: 'amount', {"user":"    param: 'amount',\r","metadata":{"emulator":{"name":"functions"},"function":{"name":"us-central1-api"},"message":"\u001b[90m> \u001b[39m     param: 'amount',\r"}}
[info] >      type: 'invalid_request_error', {"user":"    type: 'invalid_request_error',\r","metadata":{"emulator":{"name":"functions"},"function":{"name":"us-central1-api"},"message":"\u001b[90m> \u001b[39m     type: 'invalid_request_error',\r"}}
[info] >      headers: { {"user":"    headers: {\r","metadata":{"emulator":{"name":"functions"},"function":{"name":"us-central1-api"},"message":"\u001b[90m> \u001b[39m     headers: {\r"}}
[info] >        server: 'nginx', {"user":"      server: 'nginx',\r","metadata":{"emulator":{"name":"functions"},"function":{"name":"us-central1-api"},"message":"\u001b[90m> \u001b[39m       server: 'nginx',\r"}}
[info] >        date: 'Sat, 05 Mar 2022 15:38:30 GMT', {"user":"      date: 'Sat, 05 Mar 2022 15:38:30 GMT',\r","metadata":{"emulator":{"name":"functions"},"function":{"name":"us-central1-api"},"message":"\u001b[90m> \u001b[39m       date: 'Sat, 05 Mar 2022 15:38:30 GMT',\r"}}
[info] >        'content-type': 'application/json', {"user":"      'content-type': 'application/json',\r","metadata":{"emulator":{"name":"functions"},"function":{"name":"us-central1-api"},"message":"\u001b[90m> \u001b[39m       'content-type': 'application/json',\r"}}
[info] >        'content-length': '266', {"user":"      'content-length': '266',\r","metadata":{"emulator":{"name":"functions"},"function":{"name":"us-central1-api"},"message":"\u001b[90m> \u001b[39m       'content-length': '266',\r"}}
[info] >        connection: 'keep-alive', {"user":"      connection: 'keep-alive',\r","metadata":{"emulator":{"name":"functions"},"function":{"name":"us-central1-api"},"message":"\u001b[90m> \u001b[39m       connection: 'keep-alive',\r"}}
[info] >        'access-control-allow-credentials': 'true', {"user":"      'access-control-allow-credentials': 'true',\r","metadata":{"emulator":{"name":"functions"},"function":{"name":"us-central1-api"},"message":"\u001b[90m> \u001b[39m       'access-control-allow-credentials': 'true',\r"}}
[info] >        'access-control-allow-methods': 'GET, POST, HEAD, OPTIONS, DELETE', {"user":"      'access-control-allow-methods': 'GET, POST, HEAD, OPTIONS, DELETE',\r","metadata":{"emulator":{"name":"functions"},"function":{"name":"us-central1-api"},"message":"\u001b[90m> \u001b[39m       'access-control-allow-methods': 'GET, POST, HEAD, OPTIONS, DELETE',\r"}}
[info] >        'access-control-allow-origin': '*', {"user":"      'access-control-allow-origin': '*',\r","metadata":{"emulator":{"name":"functions"},"function":{"name":"us-central1-api"},"message":"\u001b[90m> \u001b[39m       'access-control-allow-origin': '*',\r"}}
[info] >        'access-control-expose-headers': 'Request-Id, Stripe-Manage-Version, X-Stripe-External-Auth-Required, X-Stripe-Privileged-Session-Required', {"user":"      'access-control-expose-headers': 'Request-Id, Stripe-Manage-Version, X-Stripe-External-Auth-Required, X-Stripe-Privileged-Session-Required',\r","metadata":{"emulator":{"name":"functions"},"function":{"name":"us-central1-api"},"message":"\u001b[90m> \u001b[39m       'access-control-expose-headers': 'Request-Id, Stripe-Manage-Version, X-Stripe-External-Auth-Required, X-Stripe-Privileged-Session-Required',\r"}}
[info] >        'access-control-max-age': '300', {"user":"      'access-control-max-age': '300',\r","metadata":{"emulator":{"name":"functions"},"function":{"name":"us-central1-api"},"message":"\u001b[90m> \u001b[39m       'access-control-max-age': '300',\r"}}
[info] >        'cache-control': 'no-cache, no-store', {"user":"      'cache-control': 'no-cache, no-store',\r","metadata":{"emulator":{"name":"functions"},"function":{"name":"us-central1-api"},"message":"\u001b[90m> \u001b[39m       'cache-control': 'no-cache, no-store',\r"}}
[info] >        'idempotency-key': 'ff87df7c-bade-4017-94e4-6bb8e89a3e39', {"user":"      'idempotency-key': 'ff87df7c-bade-4017-94e4-6bb8e89a3e39',\r","metadata":{"emulator":{"name":"functions"},"function":{"name":"us-central1-api"},"message":"\u001b[90m> \u001b[39m       'idempotency-key': 'ff87df7c-bade-4017-94e4-6bb8e89a3e39',\r"}}
[info] >        'original-request': 'req_XA8tK6GakBriDM', {"user":"      'original-request': 'req_XA8tK6GakBriDM',\r","metadata":{"emulator":{"name":"functions"},"function":{"name":"us-central1-api"},"message":"\u001b[90m> \u001b[39m       'original-request': 'req_XA8tK6GakBriDM',\r"}}
[info] >        'request-id': 'req_XA8tK6GakBriDM', {"user":"      'request-id': 'req_XA8tK6GakBriDM',\r","metadata":{"emulator":{"name":"functions"},"function":{"name":"us-central1-api"},"message":"\u001b[90m> \u001b[39m       'request-id': 'req_XA8tK6GakBriDM',\r"}}
[info] >        'stripe-version': '2020-08-27', {"user":"      'stripe-version': '2020-08-27',\r","metadata":{"emulator":{"name":"functions"},"function":{"name":"us-central1-api"},"message":"\u001b[90m> \u001b[39m       'stripe-version': '2020-08-27',\r"}}
[info] >        'strict-transport-security': 'max-age=31556926; includeSubDomains; preload' {"user":"      'strict-transport-security': 'max-age=31556926; includeSubDomains; preload'\r","metadata":{"emulator":{"name":"functions"},"function":{"name":"us-central1-api"},"message":"\u001b[90m> \u001b[39m       'strict-transport-security': 'max-age=31556926; includeSubDomains; preload'\r"}}
[info] >      }, {"user":"    },\r","metadata":{"emulator":{"name":"functions"},"function":{"name":"us-central1-api"},"message":"\u001b[90m> \u001b[39m     },\r"}}
[info] >      statusCode: 400, {"user":"    statusCode: 400,\r","metadata":{"emulator":{"name":"functions"},"function":{"name":"us-central1-api"},"message":"\u001b[90m> \u001b[39m     statusCode: 400,\r"}}
[info] >      requestId: 'req_XA8tK6GakBriDM' {"user":"    requestId: 'req_XA8tK6GakBriDM'\r","metadata":{"emulator":{"name":"functions"},"function":{"name":"us-central1-api"},"message":"\u001b[90m> \u001b[39m     requestId: 'req_XA8tK6GakBriDM'\r"}}
[info] >    }, {"user":"  },\r","metadata":{"emulator":{"name":"functions"},"function":{"name":"us-central1-api"},"message":"\u001b[90m> \u001b[39m   },\r"}}
[info] >    rawType: 'invalid_request_error', {"user":"  rawType: 'invalid_request_error',\r","metadata":{"emulator":{"name":"functions"},"function":{"name":"us-central1-api"},"message":"\u001b[90m> \u001b[39m   rawType: 'invalid_request_error',\r"}}
[info] >    code: 'parameter_invalid_integer', {"user":"  code: 'parameter_invalid_integer',\r","metadata":{"emulator":{"name":"functions"},"function":{"name":"us-central1-api"},"message":"\u001b[90m> \u001b[39m   code: 'parameter_invalid_integer',\r"}}
[info] >    doc_url: 'https://stripe.com/docs/error-codes/parameter-invalid-integer', {"user":"  doc_url: 'https://stripe.com/docs/error-codes/parameter-invalid-integer',\r","metadata":{"emulator":{"name":"functions"},"function":{"name":"us-central1-api"},"message":"\u001b[90m> \u001b[39m   doc_url: 'https://stripe.com/docs/error-codes/parameter-invalid-integer',\r"}}
[info] >    param: 'amount', {"user":"  param: 'amount',\r","metadata":{"emulator":{"name":"functions"},"function":{"name":"us-central1-api"},"message":"\u001b[90m> \u001b[39m   param: 'amount',\r"}}
[info] >    detail: undefined, {"user":"  detail: undefined,\r","metadata":{"emulator":{"name":"functions"},"function":{"name":"us-central1-api"},"message":"\u001b[90m> \u001b[39m   detail: undefined,\r"}}
[info] >    headers: { {"user":"  headers: {\r","metadata":{"emulator":{"name":"functions"},"function":{"name":"us-central1-api"},"message":"\u001b[90m> \u001b[39m   headers: {\r"}}
[info] >      server: 'nginx', {"user":"    server: 'nginx',\r","metadata":{"emulator":{"name":"functions"},"function":{"name":"us-central1-api"},"message":"\u001b[90m> \u001b[39m     server: 'nginx',\r"}}
[info] >      date: 'Sat, 05 Mar 2022 15:38:30 GMT', {"user":"    date: 'Sat, 05 Mar 2022 15:38:30 GMT',\r","metadata":{"emulator":{"name":"functions"},"function":{"name":"us-central1-api"},"message":"\u001b[90m> \u001b[39m     date: 'Sat, 05 Mar 2022 15:38:30 GMT',\r"}}
[info] >      'content-type': 'application/json', {"user":"    'content-type': 'application/json',\r","metadata":{"emulator":{"name":"functions"},"function":{"name":"us-central1-api"},"message":"\u001b[90m> \u001b[39m     'content-type': 'application/json',\r"}}
[info] >      'content-length': '266', {"user":"    'content-length': '266',\r","metadata":{"emulator":{"name":"functions"},"function":{"name":"us-central1-api"},"message":"\u001b[90m> \u001b[39m     'content-length': '266',\r"}}
[info] >      connection: 'keep-alive', {"user":"    connection: 'keep-alive',\r","metadata":{"emulator":{"name":"functions"},"function":{"name":"us-central1-api"},"message":"\u001b[90m> \u001b[39m     connection: 'keep-alive',\r"}}
[info] >      'access-control-allow-credentials': 'true', {"user":"    'access-control-allow-credentials': 'true',\r","metadata":{"emulator":{"name":"functions"},"function":{"name":"us-central1-api"},"message":"\u001b[90m> \u001b[39m     'access-control-allow-credentials': 'true',\r"}}
[info] >      'access-control-allow-methods': 'GET, POST, HEAD, OPTIONS, DELETE', {"user":"    'access-control-allow-methods': 'GET, POST, HEAD, OPTIONS, DELETE',\r","metadata":{"emulator":{"name":"functions"},"function":{"name":"us-central1-api"},"message":"\u001b[90m> \u001b[39m     'access-control-allow-methods': 'GET, POST, HEAD, OPTIONS, DELETE',\r"}}
[info] >      'access-control-allow-origin': '*', {"user":"    'access-control-allow-origin': '*',\r","metadata":{"emulator":{"name":"functions"},"function":{"name":"us-central1-api"},"message":"\u001b[90m> \u001b[39m     'access-control-allow-origin': '*',\r"}}
[info] >      'access-control-expose-headers': 'Request-Id, Stripe-Manage-Version, X-Stripe-External-Auth-Required, X-Stripe-Privileged-Session-Required', {"user":"    'access-control-expose-headers': 'Request-Id, Stripe-Manage-Version, X-Stripe-External-Auth-Required, X-Stripe-Privileged-Session-Required',\r","metadata":{"emulator":{"name":"functions"},"function":{"name":"us-central1-api"},"message":"\u001b[90m> \u001b[39m     'access-control-expose-headers': 'Request-Id, Stripe-Manage-Version, X-Stripe-External-Auth-Required, X-Stripe-Privileged-Session-Required',\r"}}
[info] >      'access-control-max-age': '300', {"user":"    'access-control-max-age': '300',\r","metadata":{"emulator":{"name":"functions"},"function":{"name":"us-central1-api"},"message":"\u001b[90m> \u001b[39m     'access-control-max-age': '300',\r"}}
[info] >      'cache-control': 'no-cache, no-store', {"user":"    'cache-control': 'no-cache, no-store',\r","metadata":{"emulator":{"name":"functions"},"function":{"name":"us-central1-api"},"message":"\u001b[90m> \u001b[39m     'cache-control': 'no-cache, no-store',\r"}}
[info] >      'idempotency-key': 'ff87df7c-bade-4017-94e4-6bb8e89a3e39', {"user":"    'idempotency-key': 'ff87df7c-bade-4017-94e4-6bb8e89a3e39',\r","metadata":{"emulator":{"name":"functions"},"function":{"name":"us-central1-api"},"message":"\u001b[90m> \u001b[39m     'idempotency-key': 'ff87df7c-bade-4017-94e4-6bb8e89a3e39',\r"}}
[info] >      'original-request': 'req_XA8tK6GakBriDM', {"user":"    'original-request': 'req_XA8tK6GakBriDM',\r","metadata":{"emulator":{"name":"functions"},"function":{"name":"us-central1-api"},"message":"\u001b[90m> \u001b[39m     'original-request': 'req_XA8tK6GakBriDM',\r"}}
[info] >      'request-id': 'req_XA8tK6GakBriDM', {"user":"    'request-id': 'req_XA8tK6GakBriDM',\r","metadata":{"emulator":{"name":"functions"},"function":{"name":"us-central1-api"},"message":"\u001b[90m> \u001b[39m     'request-id': 'req_XA8tK6GakBriDM',\r"}}
[info] >      'stripe-version': '2020-08-27', {"user":"    'stripe-version': '2020-08-27',\r","metadata":{"emulator":{"name":"functions"},"function":{"name":"us-central1-api"},"message":"\u001b[90m> \u001b[39m     'stripe-version': '2020-08-27',\r"}}
[info] >      'strict-transport-security': 'max-age=31556926; includeSubDomains; preload' {"user":"    'strict-transport-security': 'max-age=31556926; includeSubDomains; preload'\r","metadata":{"emulator":{"name":"functions"},"function":{"name":"us-central1-api"},"message":"\u001b[90m> \u001b[39m     'strict-transport-security': 'max-age=31556926; includeSubDomains; preload'\r"}}
[info] >    }, {"user":"  },\r","metadata":{"emulator":{"name":"functions"},"function":{"name":"us-central1-api"},"message":"\u001b[90m> \u001b[39m   },\r"}}
[info] >    requestId: 'req_XA8tK6GakBriDM', {"user":"  requestId: 'req_XA8tK6GakBriDM',\r","metadata":{"emulator":{"name":"functions"},"function":{"name":"us-central1-api"},"message":"\u001b[90m> \u001b[39m   requestId: 'req_XA8tK6GakBriDM',\r"}}
[info] >    statusCode: 400, {"user":"  statusCode: 400,\r","metadata":{"emulator":{"name":"functions"},"function":{"name":"us-central1-api"},"message":"\u001b[90m> \u001b[39m   statusCode: 400,\r"}}
[info] >    charge: undefined, {"user":"  charge: undefined,\r","metadata":{"emulator":{"name":"functions"},"function":{"name":"us-central1-api"},"message":"\u001b[90m> \u001b[39m   charge: undefined,\r"}}
[info] >    decline_code: undefined, {"user":"  decline_code: undefined,\r","metadata":{"emulator":{"name":"functions"},"function":{"name":"us-central1-api"},"message":"\u001b[90m> \u001b[39m   decline_code: undefined,\r"}}
[info] >    payment_intent: undefined, {"user":"  payment_intent: undefined,\r","metadata":{"emulator":{"name":"functions"},"function":{"name":"us-central1-api"},"message":"\u001b[90m> \u001b[39m   payment_intent: undefined,\r"}}
[info] >    payment_method: undefined, {"user":"  payment_method: undefined,\r","metadata":{"emulator":{"name":"functions"},"function":{"name":"us-central1-api"},"message":"\u001b[90m> \u001b[39m   payment_method: undefined,\r"}}
[info] >    payment_method_type: undefined, {"user":"  payment_method_type: undefined,\r","metadata":{"emulator":{"name":"functions"},"function":{"name":"us-central1-api"},"message":"\u001b[90m> \u001b[39m   payment_method_type: undefined,\r"}}
[info] >    setup_intent: undefined, {"user":"  setup_intent: undefined,\r","metadata":{"emulator":{"name":"functions"},"function":{"name":"us-central1-api"},"message":"\u001b[90m> \u001b[39m   setup_intent: undefined,\r"}}
[info] >    source: undefined {"user":"  source: undefined\r","metadata":{"emulator":{"name":"functions"},"function":{"name":"us-central1-api"},"message":"\u001b[90m> \u001b[39m   source: undefined\r"}}
[info] >  } {"user":"}\r","metadata":{"emulator":{"name":"functions"},"function":{"name":"us-central1-api"},"message":"\u001b[90m> \u001b[39m }\r"}}
[debug] [2022-03-05T15:38:37.858Z] [worker-us-central1-api-268af67b-7707-418b-9cb0-a9740414ccd8]: exited {"metadata":{"emulator":{"name":"functions"},"message":"[worker-us-central1-api-268af67b-7707-418b-9cb0-a9740414ccd8]: exited"}}
[debug] [2022-03-05T15:38:37.858Z] [worker-us-central1-api-268af67b-7707-418b-9cb0-a9740414ccd8]: FINISHED {"metadata":{"emulator":{"name":"functions"},"message":"[worker-us-central1-api-268af67b-7707-418b-9cb0-a9740414ccd8]: FINISHED"}}
[debug] [2022-03-05T15:38:37.859Z] [work-queue] {"queueLength":0,"workRunningCount":0}
[debug] [2022-03-05T15:54:36.474Z] [worker-~diagnostic~-32d5694a-bf1d-4c10-bb10-50961027e83e]: exited {"metadata":{"emulator":{"name":"functions"},"message":"[worker-~diagnostic~-32d5694a-bf1d-4c10-bb10-50961027e83e]: exited"}}
